Entering playback thread (ALSA).
Get period size: 940  buffer size: 7526
Playing generated audio sine wave
Entering capture thread (ALSA).
Get period size: 940  buffer size: 7526
Recording ...
Playback completed.
Capture completed.

BAT analysis: signal has 8192 frames at 44100 Hz, 1 channels, 2 bytes per sample.

Channel 1 - Checking for target frequency 997.00 Hz
Amplitude: 12.1; Percentage: [0]
WARNING: Signal too weak!
Detected peak at 5.38 Hz of 14.56 dB
 Total 20.7 dB from 5.38 to 43.07 Hz
 WARNING: Found low peak 5.38 Hz, very close to DC
Detected peak at 53.83 Hz of 8.94 dB
 Total 21.0 dB from 53.83 to 53.83 Hz
 FAIL: Peak freq too low 53.83 Hz
Detected peak at 64.60 Hz of 9.04 dB
 Total 21.3 dB from 64.60 to 64.60 Hz
 FAIL: Peak freq too low 64.60 Hz
Detected peak at 75.37 Hz of 6.94 dB
 Total 21.4 dB from 75.37 to 75.37 Hz
 FAIL: Peak freq too low 75.37 Hz
Detected peak at 86.13 Hz of 7.90 dB
 Total 21.6 dB from 86.13 to 86.13 Hz
 FAIL: Peak freq too low 86.13 Hz
Detected peak at 96.90 Hz of 8.29 dB
 Total 21.8 dB from 96.90 to 96.90 Hz
 FAIL: Peak freq too low 96.90 Hz
Detected peak at 113.05 Hz of 9.00 dB
 Total 22.2 dB from 107.67 to 113.05 Hz
 FAIL: Peak freq too low 113.05 Hz
Detected peak at 123.82 Hz of 10.13 dB
 Total 22.8 dB from 123.82 to 134.58 Hz
 FAIL: Peak freq too low 123.82 Hz
Detected peak at 145.35 Hz of 6.42 dB
 Total 22.9 dB from 145.35 to 145.35 Hz
 FAIL: Peak freq too low 145.35 Hz
Detected peak at 161.50 Hz of 9.36 dB
 Total 23.1 dB from 161.50 to 161.50 Hz
 FAIL: Peak freq too low 161.50 Hz
Detected at least 10 signal(s) in total

Return value is -1003
alsabat -P default -C default -n10000
