LOG NOTE: 2020-06-12 09:35:46, Status, BurnInTest v3.4 1002
LOG NOTE: 2020-06-12 09:35:46, Starting script.
LOG NOTE: 2020-06-12 09:35:47, Script , SETLOG "/tmp/bi.log" 
LOG NOTE: 2020-06-12 09:38:58, Status, BurnInTest v3.4 1002
LOG NOTE: 2020-06-12 09:38:58, Starting script.
LOG NOTE: 2020-06-12 09:38:59, Script , SETLOG "/tmp/bi.log" 
LOG NOTE: 2020-06-12 09:41:58, Status, BurnInTest v3.4 1002
LOG NOTE: 2020-06-12 09:42:54, Status, BurnInTest v3.4 1002
LOG NOTE: 2020-06-12 09:42:54, Starting script.
LOG NOTE: 2020-06-12 09:42:55, Script , SETLOG "/tmp/bi.log" 
LOG NOTE: 2020-06-12 10:33:20, Status, BurnInTest v3.4 1002
LOG NOTE: 2020-06-12 10:33:20, Starting script.
LOG NOTE: 2020-06-12 10:33:21, Script , SETLOG "/tmp/bi.log" 
LOG NOTE: 2020-06-12 11:08:15, Status, BurnInTest v3.4 1002
LOG NOTE: 2020-06-12 11:08:15, Starting script.
LOG NOTE: 2020-06-12 11:08:16, Script , SETLOG "/tmp/bi.log" 
LOG NOTE: 2020-06-12 11:09:54, Status, BurnInTest v3.4 1002
LOG NOTE: 2020-06-12 11:09:54, Starting script.
LOG NOTE: 2020-06-12 11:09:55, Script , SETLOG "/tmp/bi.log" 
LOG NOTE: 2020-06-12 11:12:16, Status, BurnInTest v3.4 1002
LOG NOTE: 2020-06-12 11:12:16, Starting script.
LOG NOTE: 2020-06-12 11:12:17, Script , SETLOG "/tmp/bi.log" 
LOG NOTE: 2020-06-16 17:15:56, Status, BurnInTest v3.4 1002
LOG NOTE: 2020-06-16 17:15:56, Starting script.
LOG NOTE: 2020-06-16 17:15:57, Script , SETLOG "/tmp/bi.log" 
LOG NOTE: 2020-06-16 17:55:29, Status, BurnInTest v3.4 1002
LOG NOTE: 2020-06-16 17:55:30, Starting script.
LOG NOTE: 2020-06-16 17:55:31, Script , SETLOG "/tmp/bi.log" 
LOG NOTE: 2020-06-15 04:07:43, Status, BurnInTest v3.4 1002
LOG NOTE: 2020-06-15 04:07:43, Starting script.
LOG NOTE: 2020-06-15 04:07:44, Script , SETLOG "/tmp/bi.log" 
LOG NOTE: 2020-06-15 04:09:43, Status, BurnInTest v3.4 1002
LOG NOTE: 2020-06-15 04:09:43, Starting script.
LOG NOTE: 2020-06-15 04:09:44, Script , SETLOG "/tmp/bi.log" 
LOG NOTE: 2020-06-20 10:44:51, Status, BurnInTest v3.4 1002
LOG NOTE: 2020-06-20 10:44:51, Starting script.
LOG NOTE: 2020-06-20 10:44:52, Script , SETLOG "/tmp/bi.log" 
LOG NOTE: 2020-06-20 10:47:23, Status, BurnInTest v3.4 1002
LOG NOTE: 2020-06-20 10:47:23, Starting script.
LOG NOTE: 2020-06-20 10:47:24, Script , SETLOG "/tmp/bi.log" 
LOG NOTE: 2020-06-20 11:05:29, Status, BurnInTest v3.4 1002
LOG NOTE: 2020-06-20 11:05:29, Starting script.
LOG NOTE: 2020-06-20 11:05:30, Script , SETLOG "/tmp/bi.log" 
LOG NOTE: 2020-06-20 11:47:25, Status, BurnInTest v3.4 1002
LOG NOTE: 2020-06-20 11:47:25, Starting script.
LOG NOTE: 2020-06-20 11:47:26, Script , SETLOG "/tmp/bi.log" 
LOG NOTE: 2020-06-23 15:43:33, Status, BurnInTest v3.4 1002
LOG NOTE: 2020-06-23 15:43:33, Starting script.
LOG NOTE: 2020-06-23 15:43:34, Script , SETLOG "/tmp/bi.log" 
LOG NOTE: 2020-06-23 16:03:35, Status, BurnInTest v3.4 1002
LOG NOTE: 2020-06-23 16:03:35, Starting script.
LOG NOTE: 2020-06-23 16:03:36, Script , SETLOG "/tmp/bi.log" 
******************
DETAILED EVENT LOG
******************
LOG NOTE: 2020-06-23 16:55:19, Status, BurnInTest v3.4 1002
LOG NOTE: 2020-06-23 16:55:19, Starting script.
LOG NOTE: 2020-06-23 16:55:20, Script , SETLOG "/tmp/bi.log" 
LOG NOTE: 2020-06-24 09:54:08, Status, BurnInTest v3.4 1002
LOG NOTE: 2020-06-24 09:54:08, Starting script.
LOG NOTE: 2020-06-24 09:54:09, Script , SETLOG "/tmp/bi.log" 
