1547704467107	mozrunner::runner	INFO	Running command: "/usr/bin/firefox" "-marionette" "-foreground" "-no-remote" "-profile" "/tmp/rust_mozprofile.V5RTbC9bOus8"
1547704473515	Marionette	INFO	Listening on port 38623
1547704473540	Marionette	WARN	TLS certificate errors will be ignored for this session
console.log: Accessibility service init or shutdown observer does not exist.
1547704614573	mozrunner::runner	INFO	Running command: "/usr/bin/firefox" "-marionette" "-foreground" "-no-remote" "-profile" "/tmp/rust_mozprofile.trHgSEhrAF8m"
1547704620464	Marionette	INFO	Listening on port 36855
1547704620498	Marionette	WARN	TLS certificate errors will be ignored for this session
console.log: Accessibility service init or shutdown observer does not exist.
*** UTM:SVC TimerManager:registerTimer called after profile-before-change notification. Ignoring timer registration for id: telemetry_modules_ping
1547704844864	mozrunner::runner	INFO	Running command: "/usr/bin/firefox" "-marionette" "-foreground" "-no-remote" "-profile" "/tmp/rust_mozprofile.ZJK7bgUYErRG"
1547704851476	Marionette	INFO	Listening on port 36715
1547704851484	Marionette	WARN	TLS certificate errors will be ignored for this session
console.log: Accessibility service init or shutdown observer does not exist.
JavaScript error: jar:file:///usr/lib/firefox-esr/browser/omni.ja!/components/nsBrowserGlue.js, line 1006: NS_ERROR_FAILURE: Component returned failure code: 0x80004005 (NS_ERROR_FAILURE) [nsIAppShellService.hiddenDOMWindow]
*** UTM:SVC TimerManager:registerTimer called after profile-before-change notification. Ignoring timer registration for id: telemetry_modules_ping
1547706422445	mozrunner::runner	INFO	Running command: "/usr/bin/firefox" "-marionette" "-foreground" "-no-remote" "-profile" "/tmp/rust_mozprofile.lddcEDxpzOfZ"
1547706429106	Marionette	INFO	Listening on port 40531
1547706429760	Marionette	WARN	TLS certificate errors will be ignored for this session
console.log: Accessibility service init or shutdown observer does not exist.
1547707176072	mozrunner::runner	INFO	Running command: "/usr/bin/firefox" "-marionette" "-foreground" "-no-remote" "-profile" "/tmp/rust_mozprofile.AzXlckigWdsp"
1547707182673	Marionette	INFO	Listening on port 44981
1547707182700	Marionette	WARN	TLS certificate errors will be ignored for this session
console.log: Accessibility service init or shutdown observer does not exist.
1547710435028	mozrunner::runner	INFO	Running command: "/usr/bin/firefox" "-marionette" "-foreground" "-no-remote" "-profile" "/tmp/rust_mozprofile.PT6moM85gm7L"
1547710443001	Marionette	INFO	Listening on port 45257
1547710443651	Marionette	WARN	TLS certificate errors will be ignored for this session
1547713542971	mozrunner::runner	INFO	Running command: "/usr/bin/firefox" "-marionette" "-foreground" "-no-remote" "-profile" "/tmp/rust_mozprofile.Y8Y44f5abRlA"
1547713556508	Marionette	INFO	Listening on port 40935
1547713557438	Marionette	WARN	TLS certificate errors will be ignored for this session
console.log: Accessibility service init or shutdown observer does not exist.
console.log: Accessibility service init or shutdown observer does not exist.
1547713629325	mozrunner::runner	INFO	Running command: "/usr/bin/firefox" "-marionette" "-foreground" "-no-remote" "-profile" "/tmp/rust_mozprofile.homwXQlBwlsb"
1547713637377	Marionette	INFO	Listening on port 44935
1547713638123	Marionette	WARN	TLS certificate errors will be ignored for this session
console.log: Accessibility service init or shutdown observer does not exist.
*** UTM:SVC TimerManager:registerTimer called after profile-before-change notification. Ignoring timer registration for id: telemetry_modules_ping
1547713759980	mozrunner::runner	INFO	Running command: "/usr/bin/firefox" "-marionette" "-foreground" "-no-remote" "-profile" "/tmp/rust_mozprofile.b07VJ1JzvrDA"
1547713768153	Marionette	INFO	Listening on port 37721
1547713768799	Marionette	WARN	TLS certificate errors will be ignored for this session
console.log: Accessibility service init or shutdown observer does not exist.
1547713910972	mozrunner::runner	INFO	Running command: "/usr/bin/firefox" "-marionette" "-foreground" "-no-remote" "-profile" "/tmp/rust_mozprofile.XIzFKkDtNS7I"
1547713918088	Marionette	INFO	Listening on port 35507
1547713918873	Marionette	WARN	TLS certificate errors will be ignored for this session
console.log: Accessibility service init or shutdown observer does not exist.
1547714303983	mozrunner::runner	INFO	Running command: "/usr/bin/firefox" "-marionette" "-foreground" "-no-remote" "-profile" "/tmp/rust_mozprofile.oUxAKOWF5KsH"
1547714311477	Marionette	INFO	Listening on port 42081
1547714312199	Marionette	WARN	TLS certificate errors will be ignored for this session
console.log: Accessibility service init or shutdown observer does not exist.
*** UTM:SVC TimerManager:registerTimer called after profile-before-change notification. Ignoring timer registration for id: telemetry_modules_ping
1547714414879	mozrunner::runner	INFO	Running command: "/usr/bin/firefox" "-marionette" "-foreground" "-no-remote" "-profile" "/tmp/rust_mozprofile.kLwf7CPgLgh1"
1547714423370	Marionette	INFO	Listening on port 34075
1547714424010	Marionette	WARN	TLS certificate errors will be ignored for this session
console.log: Accessibility service init or shutdown observer does not exist.
1547714824852	mozrunner::runner	INFO	Running command: "/usr/bin/firefox" "-marionette" "-foreground" "-no-remote" "-profile" "/tmp/rust_mozprofile.RQDcAGJhZKiR"
1547714833281	Marionette	INFO	Listening on port 45949
1547714834027	Marionette	WARN	TLS certificate errors will be ignored for this session
console.log: Accessibility service init or shutdown observer does not exist.
1547714969616	mozrunner::runner	INFO	Running command: "/usr/bin/firefox" "-marionette" "-foreground" "-no-remote" "-profile" "/tmp/rust_mozprofile.uXtFRi1ytJpU"
1547714977828	Marionette	INFO	Listening on port 43541
1547714977839	Marionette	WARN	TLS certificate errors will be ignored for this session
console.log: Accessibility service init or shutdown observer does not exist.
1547715036512	mozrunner::runner	INFO	Running command: "/usr/bin/firefox" "-marionette" "-foreground" "-no-remote" "-profile" "/tmp/rust_mozprofile.0xm75W9PJXER"
1547715044655	Marionette	INFO	Listening on port 41347
1547715045447	Marionette	WARN	TLS certificate errors will be ignored for this session
console.log: Accessibility service init or shutdown observer does not exist.
1547715176987	mozrunner::runner	INFO	Running command: "/usr/bin/firefox" "-marionette" "-foreground" "-no-remote" "-profile" "/tmp/rust_mozprofile.z6coPCizkbBd"
1547715185791	Marionette	INFO	Listening on port 34015
1547715185838	Marionette	WARN	TLS certificate errors will be ignored for this session
1547715337089	mozrunner::runner	INFO	Running command: "/usr/bin/firefox" "-marionette" "-foreground" "-no-remote" "-profile" "/tmp/rust_mozprofile.CY5WyTOcjmKI"
console.log: Accessibility service init or shutdown observer does not exist.
1547715344656	mozrunner::runner	INFO	Running command: "/usr/bin/firefox" "-marionette" "-foreground" "-no-remote" "-profile" "/tmp/rust_mozprofile.yvxYVjKv3okQ"
1547715353332	Marionette	INFO	Listening on port 44725
1547715353383	Marionette	WARN	TLS certificate errors will be ignored for this session
1547715747810	mozrunner::runner	INFO	Running command: "/usr/bin/firefox" "-marionette" "-foreground" "-no-remote" "-profile" "/tmp/rust_mozprofile.ju6fGymu7s1s"
console.log: Accessibility service init or shutdown observer does not exist.
1547715754252	mozrunner::runner	INFO	Running command: "/usr/bin/firefox" "-marionette" "-foreground" "-no-remote" "-profile" "/tmp/rust_mozprofile.7CrL8vfowsyf"
1547715762935	Marionette	INFO	Listening on port 39845
1547715763705	Marionette	WARN	TLS certificate errors will be ignored for this session
1547716095039	mozrunner::runner	INFO	Running command: "/usr/bin/firefox" "-marionette" "-foreground" "-no-remote" "-profile" "/tmp/rust_mozprofile.dzY3ZVBUg4oH"
console.log: Accessibility service init or shutdown observer does not exist.
1547716100849	mozrunner::runner	INFO	Running command: "/usr/bin/firefox" "-marionette" "-foreground" "-no-remote" "-profile" "/tmp/rust_mozprofile.ACKaWVn3M1LB"
1547716110443	Marionette	INFO	Listening on port 38609
1547716111244	Marionette	WARN	TLS certificate errors will be ignored for this session
console.log: Accessibility service init or shutdown observer does not exist.
*** UTM:SVC TimerManager:registerTimer called after profile-before-change notification. Ignoring timer registration for id: telemetry_modules_ping
1547716159915	mozrunner::runner	INFO	Running command: "/usr/bin/firefox" "-marionette" "-foreground" "-no-remote" "-profile" "/tmp/rust_mozprofile.3YIoAvA0ajDG"
JavaScript error: resource://gre/modules/osfile/osfile_async_front.jsm, line 408: Error: OS.File has been shut down. Rejecting post to stat
1547716169155	Marionette	INFO	Listening on port 37021
1547716169940	Marionette	WARN	TLS certificate errors will be ignored for this session
console.log: Accessibility service init or shutdown observer does not exist.
1547716477714	mozrunner::runner	INFO	Running command: "/usr/bin/firefox" "-marionette" "-foreground" "-no-remote" "-profile" "/tmp/rust_mozprofile.4BCcbiYo1xgi"
1547716486937	Marionette	INFO	Listening on port 41385
1547716487946	Marionette	WARN	TLS certificate errors will be ignored for this session
console.log: Accessibility service init or shutdown observer does not exist.
1547718710223	mozrunner::runner	INFO	Running command: "/usr/bin/firefox" "-marionette" "-foreground" "-no-remote" "-profile" "/tmp/rust_mozprofile.kp9Yjm2P6bgK"
1547718718791	Marionette	INFO	Listening on port 33329
1547718719517	Marionette	WARN	TLS certificate errors will be ignored for this session
console.log: Accessibility service init or shutdown observer does not exist.
1547719102595	mozrunner::runner	INFO	Running command: "/usr/bin/firefox" "-marionette" "-foreground" "-no-remote" "-profile" "/tmp/rust_mozprofile.sHFVy7IXA2Wy"
1547719111211	Marionette	INFO	Listening on port 36909
1547719112268	Marionette	WARN	TLS certificate errors will be ignored for this session
console.log: Accessibility service init or shutdown observer does not exist.
1547719189071	mozrunner::runner	INFO	Running command: "/usr/bin/firefox" "-marionette" "-foreground" "-no-remote" "-profile" "/tmp/rust_mozprofile.5dNqK2OhakDV"
1547719198092	Marionette	INFO	Listening on port 35189
1547719198912	Marionette	WARN	TLS certificate errors will be ignored for this session
console.log: Accessibility service init or shutdown observer does not exist.
1547719394000	mozrunner::runner	INFO	Running command: "/usr/bin/firefox" "-marionette" "-foreground" "-no-remote" "-profile" "/tmp/rust_mozprofile.pGaQ05AeWE1h"
1547719402575	Marionette	INFO	Listening on port 38469
1547719403297	Marionette	WARN	TLS certificate errors will be ignored for this session
Gdk-Message: firefox-esr: Fatal IO error 11 (Resource temporarily unavailable) on X server :0.0.

Gdk-Message: /usr/lib/firefox-esr/firefox-esr: Fatal IO error 11 (Resource temporarily unavailable) on X server :0.0.

Gdk-Message: /usr/lib/firefox-esr/firefox-esr: Fatal IO error 11 (Resource temporarily unavailable) on X server :0.0.

1547803773260	mozrunner::runner	INFO	Running command: "/usr/bin/firefox" "-marionette" "-foreground" "-no-remote" "-profile" "/tmp/rust_mozprofile.kRCYejRTgLOC"
1547803792995	Marionette	INFO	Listening on port 35005
1547803793020	Marionette	WARN	TLS certificate errors will be ignored for this session
console.log: Accessibility service init or shutdown observer does not exist.
*** UTM:SVC TimerManager:registerTimer called after profile-before-change notification. Ignoring timer registration for id: telemetry_modules_ping
1547803949574	mozrunner::runner	INFO	Running command: "/usr/bin/firefox" "-marionette" "-foreground" "-no-remote" "-profile" "/tmp/rust_mozprofile.MZOg6Ot0zt2r"
1547803955840	Marionette	INFO	Listening on port 44427
1547803956457	Marionette	WARN	TLS certificate errors will be ignored for this session
console.log: Accessibility service init or shutdown observer does not exist.
1547804027631	mozrunner::runner	INFO	Running command: "/usr/bin/firefox" "-marionette" "-foreground" "-no-remote" "-profile" "/tmp/rust_mozprofile.CydIQ7obDs9W"
1547804034737	Marionette	INFO	Listening on port 40041
1547804035350	Marionette	WARN	TLS certificate errors will be ignored for this session
console.log: Accessibility service init or shutdown observer does not exist.
1547804305593	mozrunner::runner	INFO	Running command: "/usr/bin/firefox" "-marionette" "-foreground" "-no-remote" "-profile" "/tmp/rust_mozprofile.KvUcmYUIFHTp"
1547804314247	Marionette	INFO	Listening on port 34857
1547804315234	Marionette	WARN	TLS certificate errors will be ignored for this session
console.log: Accessibility service init or shutdown observer does not exist.
1547805094460	mozrunner::runner	INFO	Running command: "/usr/bin/firefox" "-marionette" "-foreground" "-no-remote" "-profile" "/tmp/rust_mozprofile.DJKe1JIrnt47"
1547805102921	Marionette	INFO	Listening on port 40223
1547805103602	Marionette	WARN	TLS certificate errors will be ignored for this session
console.log: Accessibility service init or shutdown observer does not exist.
*** UTM:SVC TimerManager:registerTimer called after profile-before-change notification. Ignoring timer registration for id: telemetry_modules_ping
1547805164956	mozrunner::runner	INFO	Running command: "/usr/bin/firefox" "-marionette" "-foreground" "-no-remote" "-profile" "/tmp/rust_mozprofile.dYB8AITtvxAE"
1547805173446	Marionette	INFO	Listening on port 41867
1547805173484	Marionette	WARN	TLS certificate errors will be ignored for this session
console.log: Accessibility service init or shutdown observer does not exist.
1547805595335	mozrunner::runner	INFO	Running command: "/usr/bin/firefox" "-marionette" "-foreground" "-no-remote" "-profile" "/tmp/rust_mozprofile.txgRaQbkgm6C"
1547805603196	Marionette	INFO	Listening on port 39477
1547805603918	Marionette	WARN	TLS certificate errors will be ignored for this session
console.log: Accessibility service init or shutdown observer does not exist.
*** UTM:SVC TimerManager:registerTimer called after profile-before-change notification. Ignoring timer registration for id: telemetry_modules_ping
1547805767290	mozrunner::runner	INFO	Running command: "/usr/bin/firefox" "-marionette" "-foreground" "-no-remote" "-profile" "/tmp/rust_mozprofile.5auQdBL4xxPS"
1547805775081	Marionette	INFO	Listening on port 37447
1547805775656	Marionette	WARN	TLS certificate errors will be ignored for this session
console.log: Accessibility service init or shutdown observer does not exist.
1547861128278	mozrunner::runner	INFO	Running command: "/usr/bin/firefox" "-marionette" "-foreground" "-no-remote" "-profile" "/tmp/rust_mozprofile.vqOa6YRmN1UF"
1547861148029	Marionette	INFO	Listening on port 41709
1547861148822	Marionette	WARN	TLS certificate errors will be ignored for this session
1547861181229	mozrunner::runner	INFO	Running command: "/usr/bin/firefox" "-marionette" "-foreground" "-no-remote" "-profile" "/tmp/rust_mozprofile.1S2cbwy0hmpV"
console.log: Accessibility service init or shutdown observer does not exist.
*** UTM:SVC TimerManager:registerTimer called after profile-before-change notification. Ignoring timer registration for id: telemetry_modules_ping
1547861189740	Marionette	INFO	Listening on port 42589
1547861189774	Marionette	WARN	TLS certificate errors will be ignored for this session
console.log: Accessibility service init or shutdown observer does not exist.
*** UTM:SVC TimerManager:registerTimer called after profile-before-change notification. Ignoring timer registration for id: telemetry_modules_ping
1547861237741	mozrunner::runner	INFO	Running command: "/usr/bin/firefox" "-marionette" "-foreground" "-no-remote" "-profile" "/tmp/rust_mozprofile.GMp0g58TWG2U"
1547861244688	Marionette	INFO	Listening on port 37757
1547861245540	Marionette	WARN	TLS certificate errors will be ignored for this session
console.log: Accessibility service init or shutdown observer does not exist.
1547861529622	mozrunner::runner	INFO	Running command: "/usr/bin/firefox" "-marionette" "-foreground" "-no-remote" "-profile" "/tmp/rust_mozprofile.b6ASQornReOY"
1547861538329	Marionette	INFO	Listening on port 45021
1547861538365	Marionette	WARN	TLS certificate errors will be ignored for this session
console.log: Accessibility service init or shutdown observer does not exist.
1547861828978	mozrunner::runner	INFO	Running command: "/usr/bin/firefox" "-marionette" "-foreground" "-no-remote" "-profile" "/tmp/rust_mozprofile.YteH2slllNHm"
1547861836673	Marionette	INFO	Listening on port 43867
1547861836703	Marionette	WARN	TLS certificate errors will be ignored for this session
console.log: Accessibility service init or shutdown observer does not exist.
*** UTM:SVC TimerManager:registerTimer called after profile-before-change notification. Ignoring timer registration for id: telemetry_modules_ping
1547861878397	mozrunner::runner	INFO	Running command: "/usr/bin/firefox" "-marionette" "-foreground" "-no-remote" "-profile" "/tmp/rust_mozprofile.EYhliz2u05Re"
1547861885932	Marionette	INFO	Listening on port 37289
1547861886986	Marionette	WARN	TLS certificate errors will be ignored for this session
console.log: Accessibility service init or shutdown observer does not exist.
1547862147322	mozrunner::runner	INFO	Running command: "/usr/bin/firefox" "-marionette" "-foreground" "-no-remote" "-profile" "/tmp/rust_mozprofile.y5ShorFdGSrZ"
1547862154955	Marionette	INFO	Listening on port 43197
1547862155572	Marionette	WARN	TLS certificate errors will be ignored for this session
1547862481125	mozrunner::runner	INFO	Running command: "/usr/bin/firefox" "-marionette" "-foreground" "-no-remote" "-profile" "/tmp/rust_mozprofile.44bGC8rG26mA"
console.log: Accessibility service init or shutdown observer does not exist.
1547862489239	Marionette	INFO	Listening on port 38921
1547862489262	Marionette	WARN	TLS certificate errors will be ignored for this session
1547862517590	mozrunner::runner	INFO	Running command: "/usr/bin/firefox" "-marionette" "-foreground" "-no-remote" "-profile" "/tmp/rust_mozprofile.duOpWVXHI5fo"
1547862529878	Marionette	INFO	Listening on port 41535
1547862530735	Marionette	WARN	TLS certificate errors will be ignored for this session
console.log: Accessibility service init or shutdown observer does not exist.
console.log: Accessibility service init or shutdown observer does not exist.
1547862732133	mozrunner::runner	INFO	Running command: "/usr/bin/firefox" "-marionette" "-foreground" "-no-remote" "-profile" "/tmp/rust_mozprofile.QTd0UnfE8Eom"
1547862740797	Marionette	INFO	Listening on port 44575
1547862741614	Marionette	WARN	TLS certificate errors will be ignored for this session
console.log: Accessibility service init or shutdown observer does not exist.
1547863298874	mozrunner::runner	INFO	Running command: "/usr/bin/firefox" "-marionette" "-foreground" "-no-remote" "-profile" "/tmp/rust_mozprofile.AVADeL4JDeSG"
1547863307393	Marionette	INFO	Listening on port 41459
1547863308154	Marionette	WARN	TLS certificate errors will be ignored for this session
console.log: Accessibility service init or shutdown observer does not exist.
1547863416348	mozrunner::runner	INFO	Running command: "/usr/bin/firefox" "-marionette" "-foreground" "-no-remote" "-profile" "/tmp/rust_mozprofile.WKUrIehE4zlC"
1547863425481	Marionette	INFO	Listening on port 44873
1547863426331	Marionette	WARN	TLS certificate errors will be ignored for this session
console.warn: LoginRecipes: getRecipes: falling back to a synchronous message for: http://eip.efco.com.tw
console.warn: nsLoginManager: searchLogins: `formSubmitURL` or `httpRealm` is recommended
console.log: Accessibility service init or shutdown observer does not exist.
1547863914936	mozrunner::runner	INFO	Running command: "/usr/bin/firefox" "-marionette" "-foreground" "-no-remote" "-profile" "/tmp/rust_mozprofile.2pga4hUJtkoI"
1547863923883	Marionette	INFO	Listening on port 40175
1547863924749	Marionette	WARN	TLS certificate errors will be ignored for this session
console.log: Accessibility service init or shutdown observer does not exist.
*** UTM:SVC TimerManager:registerTimer called after profile-before-change notification. Ignoring timer registration for id: telemetry_modules_ping
1547863965833	mozrunner::runner	INFO	Running command: "/usr/bin/firefox" "-marionette" "-foreground" "-no-remote" "-profile" "/tmp/rust_mozprofile.QDY7ejxu6Amn"
1547863974922	Marionette	INFO	Listening on port 45607
1547863975773	Marionette	WARN	TLS certificate errors will be ignored for this session
console.log: Accessibility service init or shutdown observer does not exist.
1547864059522	mozrunner::runner	INFO	Running command: "/usr/bin/firefox" "-marionette" "-foreground" "-no-remote" "-profile" "/tmp/rust_mozprofile.yh39gQJjAiXi"
1547864068117	Marionette	INFO	Listening on port 35813
1547864068977	Marionette	WARN	TLS certificate errors will be ignored for this session
1547864119697	mozrunner::runner	INFO	Running command: "/usr/bin/firefox" "-marionette" "-foreground" "-no-remote" "-profile" "/tmp/rust_mozprofile.cUUMVDVqxAxT"
1547864129403	Marionette	INFO	Listening on port 36471
1547864130258	Marionette	WARN	TLS certificate errors will be ignored for this session
console.log: Accessibility service init or shutdown observer does not exist.
console.log: Accessibility service init or shutdown observer does not exist.
1547864746618	mozrunner::runner	INFO	Running command: "/usr/bin/firefox" "-marionette" "-foreground" "-no-remote" "-profile" "/tmp/rust_mozprofile.fWNVud78NtEz"
1547864755964	Marionette	INFO	Listening on port 46231
1547864756818	Marionette	WARN	TLS certificate errors will be ignored for this session
console.log: Accessibility service init or shutdown observer does not exist.
1547865434121	mozrunner::runner	INFO	Running command: "/usr/bin/firefox" "-marionette" "-foreground" "-no-remote" "-profile" "/tmp/rust_mozprofile.3vpFBQZ0m9At"
1547865443728	Marionette	INFO	Listening on port 42605
1547865443748	Marionette	WARN	TLS certificate errors will be ignored for this session
console.log: Accessibility service init or shutdown observer does not exist.
1547865515508	mozrunner::runner	INFO	Running command: "/usr/bin/firefox" "-marionette" "-foreground" "-no-remote" "-profile" "/tmp/rust_mozprofile.bExM6l2mmvTv"
1547865522408	Marionette	INFO	Listening on port 45657
1547865522434	Marionette	WARN	TLS certificate errors will be ignored for this session
1547866830576	mozrunner::runner	INFO	Running command: "/usr/bin/firefox" "-marionette" "-foreground" "-no-remote" "-profile" "/tmp/rust_mozprofile.jy4xmAbb9kFg"
1547866837612	Marionette	INFO	Listening on port 36559
1547866837720	Marionette	WARN	TLS certificate errors will be ignored for this session
console.log: Accessibility service init or shutdown observer does not exist.
1547869753504	mozrunner::runner	INFO	Running command: "/usr/bin/firefox" "-marionette" "-foreground" "-no-remote" "-profile" "/tmp/rust_mozprofile.Rt8qmvXEGtWt"
1547869756090	Marionette	INFO	Listening on port 40437
1547869756122	Marionette	WARN	TLS certificate errors will be ignored for this session
JavaScript error: http://10.0.0.100/input_process.js, line 56: NetworkError: A network error occurred.
1547876692497	mozrunner::runner	INFO	Running command: "/usr/bin/firefox" "-marionette" "-foreground" "-no-remote" "-profile" "/tmp/rust_mozprofile.EbNNQtC8offc"
1547876695269	Marionette	INFO	Listening on port 42547
1547876695354	Marionette	WARN	TLS certificate errors will be ignored for this session
console.log: Accessibility service init or shutdown observer does not exist.
*** UTM:SVC TimerManager:registerTimer called after profile-before-change notification. Ignoring timer registration for id: telemetry_modules_ping
console.log: Accessibility service init or shutdown observer does not exist.
1547876735779	mozrunner::runner	INFO	Running command: "/usr/bin/firefox" "-marionette" "-foreground" "-no-remote" "-profile" "/tmp/rust_mozprofile.8MZYBcMKMxPu"
1547876738624	Marionette	INFO	Listening on port 44113
1547876738725	Marionette	WARN	TLS certificate errors will be ignored for this session
console.log: Accessibility service init or shutdown observer does not exist.
*** UTM:SVC TimerManager:registerTimer called after profile-before-change notification. Ignoring timer registration for id: telemetry_modules_ping
1547876807248	mozrunner::runner	INFO	Running command: "/usr/bin/firefox" "-marionette" "-foreground" "-no-remote" "-profile" "/tmp/rust_mozprofile.QTbrMJ0lsRdx"
1547876810113	Marionette	INFO	Listening on port 35345
1547876810222	Marionette	WARN	TLS certificate errors will be ignored for this session
console.log: Accessibility service init or shutdown observer does not exist.
1547877067464	mozrunner::runner	INFO	Running command: "/usr/bin/firefox" "-marionette" "-foreground" "-no-remote" "-profile" "/tmp/rust_mozprofile.HXh3KeqJEUjh"
1547877070340	Marionette	INFO	Listening on port 33357
1547877070379	Marionette	WARN	TLS certificate errors will be ignored for this session
console.log: Accessibility service init or shutdown observer does not exist.
*** UTM:SVC TimerManager:registerTimer called after profile-before-change notification. Ignoring timer registration for id: telemetry_modules_ping
1547877344596	mozrunner::runner	INFO	Running command: "/usr/bin/firefox" "-marionette" "-foreground" "-no-remote" "-profile" "/tmp/rust_mozprofile.uKZDBQShlyC7"
1547877347439	Marionette	INFO	Listening on port 43129
1547877347560	Marionette	WARN	TLS certificate errors will be ignored for this session
console.log: Accessibility service init or shutdown observer does not exist.
*** UTM:SVC TimerManager:registerTimer called after profile-before-change notification. Ignoring timer registration for id: telemetry_modules_ping
1547877413365	mozrunner::runner	INFO	Running command: "/usr/bin/firefox" "-marionette" "-foreground" "-no-remote" "-profile" "/tmp/rust_mozprofile.wryXYkIZAono"
1547877416423	Marionette	INFO	Listening on port 34479
1547877416525	Marionette	WARN	TLS certificate errors will be ignored for this session
console.log: Accessibility service init or shutdown observer does not exist.
*** UTM:SVC TimerManager:registerTimer called after profile-before-change notification. Ignoring timer registration for id: telemetry_modules_ping
1547877762665	mozrunner::runner	INFO	Running command: "/usr/bin/firefox" "-marionette" "-foreground" "-no-remote" "-profile" "/tmp/rust_mozprofile.F53ChbNEyTzy"
1547877765561	Marionette	INFO	Listening on port 40739
1547877765592	Marionette	WARN	TLS certificate errors will be ignored for this session
console.log: Accessibility service init or shutdown observer does not exist.
1547877974395	mozrunner::runner	INFO	Running command: "/usr/bin/firefox" "-marionette" "-foreground" "-no-remote" "-profile" "/tmp/rust_mozprofile.6WyKDsvRrgcG"
1547877977319	Marionette	INFO	Listening on port 37245
1547877977428	Marionette	WARN	TLS certificate errors will be ignored for this session
console.log: Accessibility service init or shutdown observer does not exist.
1547878529926	mozrunner::runner	INFO	Running command: "/usr/bin/firefox" "-marionette" "-foreground" "-no-remote" "-profile" "/tmp/rust_mozprofile.PnZ0WSLFlDOz"
1547878532926	Marionette	INFO	Listening on port 38369
1547878532957	Marionette	WARN	TLS certificate errors will be ignored for this session
console.log: Accessibility service init or shutdown observer does not exist.
*** UTM:SVC TimerManager:registerTimer called after profile-before-change notification. Ignoring timer registration for id: telemetry_modules_ping
1547878683160	mozrunner::runner	INFO	Running command: "/usr/bin/firefox" "-marionette" "-foreground" "-no-remote" "-profile" "/tmp/rust_mozprofile.qRouKvM4X5dS"
1547878686133	Marionette	INFO	Listening on port 37441
1547878686243	Marionette	WARN	TLS certificate errors will be ignored for this session
console.log: Accessibility service init or shutdown observer does not exist.
*** UTM:SVC TimerManager:registerTimer called after profile-before-change notification. Ignoring timer registration for id: telemetry_modules_ping
1547881142046	mozrunner::runner	INFO	Running command: "/usr/bin/firefox" "-marionette" "-foreground" "-no-remote" "-profile" "/tmp/rust_mozprofile.LJRoBSdA5vo8"
1547881145273	Marionette	INFO	Listening on port 39841
1547881145456	Marionette	WARN	TLS certificate errors will be ignored for this session
console.log: Accessibility service init or shutdown observer does not exist.
*** UTM:SVC TimerManager:registerTimer called after profile-before-change notification. Ignoring timer registration for id: telemetry_modules_ping
1547881682870	mozrunner::runner	INFO	Running command: "/usr/bin/firefox" "-marionette" "-foreground" "-no-remote" "-profile" "/tmp/rust_mozprofile.ihwV4Sp2pykN"
1547881686523	Marionette	INFO	Listening on port 46713
1547881686704	Marionette	WARN	TLS certificate errors will be ignored for this session
console.log: Accessibility service init or shutdown observer does not exist.
*** UTM:SVC TimerManager:registerTimer called after profile-before-change notification. Ignoring timer registration for id: telemetry_modules_ping
1547881757285	mozrunner::runner	INFO	Running command: "/usr/bin/firefox" "-marionette" "-foreground" "-no-remote" "-profile" "/tmp/rust_mozprofile.3FEdaKxjSQY9"
1547881760714	Marionette	INFO	Listening on port 34309
1547881760930	Marionette	WARN	TLS certificate errors will be ignored for this session
console.log: Accessibility service init or shutdown observer does not exist.
*** UTM:SVC TimerManager:registerTimer called after profile-before-change notification. Ignoring timer registration for id: telemetry_modules_ping
1547881801967	mozrunner::runner	INFO	Running command: "/usr/bin/firefox" "-marionette" "-foreground" "-no-remote" "-profile" "/tmp/rust_mozprofile.XdyVVNJ24iPf"
1547881805540	Marionette	INFO	Listening on port 39171
1547881805584	Marionette	WARN	TLS certificate errors will be ignored for this session
console.log: Accessibility service init or shutdown observer does not exist.
1547881989100	mozrunner::runner	INFO	Running command: "/usr/bin/firefox" "-marionette" "-foreground" "-no-remote" "-profile" "/tmp/rust_mozprofile.oBvpv4aeHYf3"
1547881992434	Marionette	INFO	Listening on port 33641
1547881992632	Marionette	WARN	TLS certificate errors will be ignored for this session
console.log: Accessibility service init or shutdown observer does not exist.
*** UTM:SVC TimerManager:registerTimer called after profile-before-change notification. Ignoring timer registration for id: telemetry_modules_ping
1547882040282	mozrunner::runner	INFO	Running command: "/usr/bin/firefox" "-marionette" "-foreground" "-no-remote" "-profile" "/tmp/rust_mozprofile.tsthxQCiH0fx"
1547882043635	Marionette	INFO	Listening on port 43753
1547882043835	Marionette	WARN	TLS certificate errors will be ignored for this session
console.log: Accessibility service init or shutdown observer does not exist.
*** UTM:SVC TimerManager:registerTimer called after profile-before-change notification. Ignoring timer registration for id: telemetry_modules_ping
